TN:
SF:src\App.tsx
FN:38,App
FNF:1
FNH:0
FNDA:0,App
DA:1,1
DA:2,1
DA:3,1
DA:4,1
DA:5,1
DA:6,1
DA:7,1
DA:8,1
DA:9,1
DA:10,1
DA:11,1
DA:12,1
DA:13,1
DA:14,1
DA:15,1
DA:17,1
DA:18,3
DA:19,3
DA:21,3
DA:22,3
DA:23,3
DA:24,3
DA:25,3
DA:26,3
DA:27,3
DA:28,3
DA:29,3
DA:30,3
DA:31,3
DA:32,3
DA:33,3
DA:34,3
DA:36,3
DA:38,0
DA:39,0
DA:40,0
DA:41,0
DA:42,0
DA:45,0
DA:46,0
DA:47,0
DA:48,0
DA:49,0
DA:50,0
DA:51,0
DA:52,0
DA:54,0
DA:55,0
DA:56,0
DA:57,0
DA:58,0
DA:59,0
DA:60,0
DA:62,0
DA:63,0
DA:64,0
DA:66,0
DA:67,0
DA:68,0
DA:69,0
DA:71,0
DA:72,0
DA:74,0
DA:75,0
DA:76,0
DA:77,0
DA:78,0
DA:79,0
DA:81,0
LF:69
LH:33
BRDA:17,0,0,3
BRDA:24,1,0,2
BRDA:24,2,0,1
BRDA:24,3,0,2
BRDA:25,4,0,2
BRDA:25,5,0,1
BRDA:25,6,0,2
BRDA:19,7,0,3
BRF:8
BRH:8
end_of_record
TN:
SF:src\main.tsx
FN:1,(empty-report)
FNF:1
FNH:0
FNDA:0,(empty-report)
DA:1,0
DA:2,0
DA:3,0
DA:4,0
DA:5,0
DA:6,0
DA:7,0
DA:9,0
DA:10,0
DA:11,0
DA:12,0
DA:13,0
DA:14,0
DA:16,0
DA:17,0
DA:18,0
DA:19,0
DA:20,0
DA:21,0
DA:22,0
DA:23,0
DA:24,0
DA:25,0
DA:26,0
DA:27,0
DA:28,0
DA:30,0
DA:31,0
DA:32,0
DA:33,0
DA:34,0
DA:35,0
DA:36,0
DA:37,0
DA:38,0
DA:39,0
DA:40,0
DA:41,0
LF:38
LH:0
BRDA:1,0,0,0
BRF:1
BRH:0
end_of_record
TN:
SF:src\components\CustomMatButton.tsx
FN:8,CustomMatButton
FNF:1
FNH:1
FNDA:1310,CustomMatButton
DA:2,1
DA:8,1
DA:9,1310
DA:10,1310
DA:11,1310
DA:12,1310
DA:13,1310
DA:14,1310
DA:15,1310
DA:16,1310
DA:17,1310
DA:19,1310
DA:20,1310
DA:22,1310
DA:24,1
LF:15
LH:15
BRDA:8,0,0,1310
BRF:1
BRH:1
end_of_record
TN:
SF:src\components\ProtectedRoute.tsx
FN:10,ProtectedRoute
FNF:1
FNH:1
FNDA:6,ProtectedRoute
DA:1,1
DA:2,1
DA:10,6
DA:11,6
DA:12,6
DA:14,6
DA:15,2
DA:16,2
DA:18,4
DA:19,4
LF:10
LH:10
BRDA:10,0,0,6
BRDA:14,1,0,4
BRDA:14,2,0,2
BRDA:16,3,0,4
BRDA:11,4,0,6
BRF:5
BRH:5
end_of_record
TN:
SF:src\components\Sidebar.tsx
FN:106,Sidebar
FN:117,toggleSubmenu
FN:125,handleLogout
FN:158,onClick
FNF:4
FNH:4
FNDA:13,Sidebar
FNDA:2,toggleSubmenu
FNDA:1,handleLogout
FNDA:2,onClick
DA:1,1
DA:2,1
DA:3,1
DA:4,1
DA:5,1
DA:19,1
DA:20,13
DA:21,13
DA:22,13
DA:23,13
DA:24,13
DA:25,13
DA:26,13
DA:27,13
DA:28,13
DA:29,13
DA:30,13
DA:31,13
DA:32,13
DA:33,13
DA:34,1
DA:36,1
DA:37,1
DA:38,1
DA:39,1
DA:40,1
DA:42,1
DA:43,1
DA:44,1
DA:45,1
DA:46,1
DA:47,1
DA:48,1
DA:49,1
DA:50,1
DA:51,1
DA:52,1
DA:53,1
DA:54,1
DA:55,1
DA:56,1
DA:57,1
DA:58,1
DA:59,1
DA:60,1
DA:61,1
DA:62,1
DA:63,1
DA:64,1
DA:65,1
DA:66,1
DA:67,1
DA:68,1
DA:69,1
DA:70,1
DA:71,1
DA:73,1
DA:74,1
DA:75,1
DA:76,1
DA:77,1
DA:78,1
DA:79,1
DA:80,1
DA:81,1
DA:82,1
DA:83,1
DA:84,1
DA:85,1
DA:86,1
DA:87,1
DA:88,1
DA:89,1
DA:90,1
DA:91,1
DA:92,1
DA:93,1
DA:94,1
DA:95,1
DA:96,1
DA:97,1
DA:98,1
DA:99,1
DA:100,1
DA:101,1
DA:102,1
DA:103,1
DA:104,1
DA:106,13
DA:107,13
DA:108,13
DA:109,13
DA:110,13
DA:111,13
DA:112,13
DA:113,13
DA:114,13
DA:115,13
DA:117,13
DA:118,2
DA:119,2
DA:120,10
DA:121,2
DA:122,2
DA:123,2
DA:125,13
DA:126,1
DA:127,1
DA:128,1
DA:130,13
DA:131,13
DA:132,13
DA:133,13
DA:134,8
DA:135,8
DA:136,8
DA:137,8
DA:138,8
DA:139,8
DA:140,8
DA:141,8
DA:142,8
DA:143,8
DA:144,8
DA:145,8
DA:146,8
DA:147,8
DA:149,8
DA:150,8
DA:152,13
DA:153,65
DA:154,65
DA:155,13
DA:157,52
DA:158,52
DA:159,52
DA:160,52
DA:161,65
DA:162,65
DA:163,65
DA:164,52
DA:165,52
DA:166,52
DA:168,65
DA:169,13
DA:170,13
DA:171,13
DA:173,13
LF:148
LH:148
BRDA:19,0,0,13
BRDA:106,1,0,13
BRDA:133,2,0,8
BRDA:117,3,0,2
BRDA:118,4,0,2
BRDA:119,5,0,10
BRDA:120,6,0,2
BRDA:120,7,0,8
BRDA:125,8,0,1
BRDA:152,9,0,65
BRDA:154,10,0,13
BRDA:155,11,0,52
BRDA:159,12,0,51
BRDA:159,13,0,1
BRDA:158,14,0,2
BRDA:160,15,0,65
BRF:16
BRH:16
end_of_record
TN:
SF:src\context\AuthContext.tsx
FN:19,AuthProvider
FN:40,login
FN:58,logout
FN:73,useAuth
FNF:4
FNH:4
FNDA:44,AuthProvider
FNDA:1,login
FNDA:1,logout
FNDA:21,useAuth
DA:1,1
DA:2,1
DA:17,1
DA:19,1
DA:20,44
DA:21,44
DA:23,44
DA:24,44
DA:25,44
DA:27,44
DA:28,44
DA:29,1
DA:30,1
DA:31,1
DA:32,1
DA:33,1
DA:34,1
DA:35,44
DA:37,44
DA:38,44
DA:40,44
DA:41,1
DA:42,1
DA:43,1
DA:44,1
DA:45,1
DA:46,1
DA:47,1
DA:48,1
DA:49,0
DA:50,0
DA:51,0
DA:52,0
DA:53,0
DA:54,0
DA:55,0
DA:56,1
DA:58,44
DA:59,1
DA:60,1
DA:61,1
DA:62,1
DA:63,1
DA:64,1
DA:66,44
DA:67,44
DA:68,44
DA:69,44
DA:71,44
DA:73,1
DA:74,21
DA:75,21
DA:76,2
DA:77,2
DA:78,18
DA:79,18
LF:56
LH:49
BRDA:19,0,0,44
BRDA:21,1,0,6
BRDA:21,2,0,6
BRDA:21,3,0,38
BRDA:27,4,0,44
BRDA:28,5,0,1
BRDA:37,6,0,44
BRDA:40,7,0,1
BRDA:48,8,0,0
BRDA:58,9,0,1
BRDA:73,10,0,21
BRDA:75,11,0,2
BRDA:77,12,0,18
BRF:13
BRH:12
end_of_record
TN:
SF:src\features\clients\components\ClientForm.tsx
FN:14,ClientForm
FN:27,queryFn
FN:40,queryFn
FN:56,validateForm
FN:72,mutationFn
FN:85,onSuccess
FN:94,onError
FN:101,handleChange
FN:110,handleChangeUser
FN:119,handleSubmit
FN:146,onClick
FN:213,onClick
FNF:12
FNH:9
FNDA:36,ClientForm
FNDA:2,queryFn
FNDA:2,queryFn
FNDA:2,validateForm
FNDA:2,mutationFn
FNDA:2,onSuccess
FNDA:0,onError
FNDA:25,handleChange
FNDA:2,handleChangeUser
FNDA:2,handleSubmit
FNDA:0,onClick
FNDA:0,onClick
DA:1,1
DA:2,1
DA:3,1
DA:4,1
DA:5,1
DA:7,1
DA:8,1
DA:10,1
DA:11,1
DA:14,36
DA:15,36
DA:16,36
DA:17,36
DA:19,36
DA:20,36
DA:21,36
DA:22,36
DA:23,36
DA:25,36
DA:26,36
DA:27,36
DA:28,2
DA:29,2
DA:30,2
DA:31,2
DA:32,0
DA:33,2
DA:34,36
DA:35,36
DA:36,36
DA:38,36
DA:39,36
DA:40,36
DA:41,2
DA:42,2
DA:43,2
DA:44,36
DA:45,36
DA:47,36
DA:48,3
DA:49,1
DA:50,1
DA:51,1
DA:52,1
DA:53,1
DA:54,36
DA:56,36
DA:57,2
DA:59,2
DA:60,0
DA:61,0
DA:63,2
DA:64,0
DA:65,0
DA:67,2
DA:68,2
DA:69,2
DA:71,36
DA:72,36
DA:73,2
DA:74,2
DA:75,2
DA:76,2
DA:77,2
DA:78,1
DA:79,1
DA:80,1
DA:81,1
DA:82,1
DA:83,1
DA:84,2
DA:85,36
DA:86,2
DA:87,2
DA:88,1
DA:89,1
DA:90,2
DA:91,2
DA:92,2
DA:93,2
DA:94,36
DA:95,0
DA:96,0
DA:97,0
DA:98,0
DA:99,36
DA:101,36
DA:102,25
DA:103,25
DA:105,25
DA:106,0
DA:107,0
DA:108,25
DA:110,36
DA:111,2
DA:112,2
DA:114,2
DA:115,0
DA:116,0
DA:117,2
DA:119,36
DA:120,2
DA:121,2
DA:122,2
DA:123,2
DA:124,2
DA:125,2
DA:127,36
DA:128,36
DA:129,36
DA:131,36
DA:132,4
DA:133,4
DA:135,36
DA:136,0
DA:137,0
DA:138,0
DA:139,0
DA:140,0
DA:142,32
DA:143,32
DA:144,32
DA:145,32
DA:146,32
DA:147,32
DA:148,32
DA:149,32
DA:150,32
DA:151,32
DA:152,32
DA:153,32
DA:154,32
DA:155,32
DA:157,32
DA:158,32
DA:159,36
DA:160,36
DA:161,36
DA:162,0
DA:163,0
DA:164,0
DA:166,36
DA:167,36
DA:168,36
DA:169,36
DA:170,36
DA:171,36
DA:172,36
DA:173,36
DA:174,36
DA:175,36
DA:176,36
DA:177,36
DA:178,36
DA:179,36
DA:180,36
DA:181,36
DA:182,36
DA:183,36
DA:184,36
DA:185,36
DA:187,36
DA:188,36
DA:189,36
DA:190,36
DA:191,32
DA:192,64
DA:193,64
DA:194,64
DA:195,32
DA:196,36
DA:197,36
DA:198,0
DA:199,0
DA:200,0
DA:202,36
DA:203,36
DA:204,36
DA:205,36
DA:206,36
DA:207,36
DA:209,36
DA:210,36
DA:211,36
DA:212,36
DA:213,36
DA:214,36
DA:215,36
DA:217,36
DA:218,36
DA:219,36
DA:220,36
DA:222,36
LF:193
LH:169
BRDA:14,0,0,36
BRDA:127,1,0,35
BRDA:129,2,0,34
BRDA:131,3,0,34
BRDA:131,4,0,4
BRDA:132,5,0,2
BRDA:133,6,0,32
BRDA:135,7,0,0
BRDA:140,8,0,32
BRDA:159,9,0,19
BRDA:159,10,0,13
BRDA:161,11,0,0
BRDA:170,12,0,3
BRDA:175,13,0,32
BRDA:182,14,0,20
BRDA:182,15,0,12
BRDA:190,16,0,32
BRDA:197,17,0,0
BRDA:207,18,0,32
BRDA:209,19,0,19
BRDA:209,20,0,13
BRDA:214,21,0,32
BRDA:27,22,0,2
BRDA:31,23,0,0
BRDA:40,24,0,2
BRDA:47,25,0,3
BRDA:48,26,0,1
BRDA:56,27,0,2
BRDA:59,28,0,0
BRDA:63,29,0,0
BRDA:72,30,0,2
BRDA:77,31,0,1
BRDA:85,32,0,2
BRDA:87,33,0,1
BRDA:101,34,0,25
BRDA:105,35,0,0
BRDA:110,36,0,2
BRDA:114,37,0,0
BRDA:119,38,0,2
BRDA:191,39,0,64
BRF:40
BRH:32
end_of_record
TN:
SF:src\features\clients\components\ClientList.tsx
FN:12,ClientList
FN:22,queryFn
FN:30,mutationFn
FN:31,onSuccess
FN:35,onError
FN:63,handleDelete
FN:70,handleFilterChange
FN:75,handlePageChange
FN:79,handleItemsPerPageChange
FN:84,handleView
FN:88,handleEdit
FN:92,handleAdd
FN:135,onClick
FN:139,onClick
FN:143,onClick
FNF:15
FNH:2
FNDA:2,ClientList
FNDA:1,queryFn
FNDA:0,mutationFn
FNDA:0,onSuccess
FNDA:0,onError
FNDA:0,handleDelete
FNDA:0,handleFilterChange
FNDA:0,handlePageChange
FNDA:0,handleItemsPerPageChange
FNDA:0,handleView
FNDA:0,handleEdit
FNDA:0,handleAdd
FNDA:0,onClick
FNDA:0,onClick
FNDA:0,onClick
DA:1,1
DA:2,1
DA:3,1
DA:4,1
DA:5,1
DA:7,1
DA:9,1
DA:10,1
DA:12,2
DA:13,2
DA:14,2
DA:15,2
DA:16,2
DA:17,2
DA:18,2
DA:20,2
DA:21,2
DA:22,2
DA:23,1
DA:24,1
DA:25,1
DA:26,2
DA:27,2
DA:29,2
DA:30,2
DA:31,2
DA:32,0
DA:33,0
DA:34,0
DA:35,2
DA:36,0
DA:37,0
DA:38,2
DA:40,2
DA:41,2
DA:43,2
DA:45,2
DA:46,1
DA:47,1
DA:49,2
DA:50,0
DA:51,0
DA:53,2
DA:54,0
DA:55,0
DA:56,0
DA:57,0
DA:58,0
DA:59,0
DA:61,0
DA:63,1
DA:64,0
DA:65,0
DA:66,0
DA:67,0
DA:68,0
DA:70,1
DA:71,0
DA:72,0
DA:73,0
DA:75,1
DA:76,0
DA:77,0
DA:79,1
DA:80,0
DA:81,0
DA:82,0
DA:84,1
DA:85,0
DA:86,0
DA:88,1
DA:89,0
DA:90,0
DA:92,1
DA:93,0
DA:94,0
DA:96,1
DA:97,1
DA:98,1
DA:99,1
DA:100,0
DA:102,2
DA:103,2
DA:104,2
DA:105,2
DA:107,2
DA:108,2
DA:109,2
DA:110,2
DA:111,2
DA:112,2
DA:113,2
DA:114,2
DA:115,0
DA:117,1
DA:118,1
DA:119,1
DA:120,1
DA:121,1
DA:122,1
DA:123,1
DA:124,1
DA:125,1
DA:126,1
DA:127,1
DA:128,1
DA:129,1
DA:130,2
DA:131,2
DA:132,2
DA:133,2
DA:134,2
DA:135,2
DA:136,2
DA:138,2
DA:139,2
DA:140,2
DA:142,2
DA:143,2
DA:144,2
DA:146,2
DA:147,2
DA:148,2
DA:149,1
DA:150,1
DA:151,1
DA:152,1
DA:153,1
DA:154,1
DA:155,1
DA:156,1
DA:157,1
DA:158,1
DA:159,1
DA:160,1
DA:161,1
DA:162,1
DA:163,1
DA:164,1
DA:165,1
DA:167,2
DA:169,2
LF:142
LH:107
BRDA:12,0,0,2
BRDA:45,1,0,1
BRDA:45,2,0,1
BRDA:46,3,0,0
BRDA:49,4,0,0
BRDA:51,5,0,1
BRDA:53,6,0,0
BRDA:61,7,0,1
BRDA:99,8,0,0
BRDA:114,9,0,0
BRDA:115,10,0,1
BRDA:22,11,0,1
BRDA:24,12,0,0
BRDA:98,13,0,2
BRDA:98,14,0,0
BRDA:129,15,0,2
BRDA:132,16,0,0
BRDA:133,17,0,0
BRF:18
BRH:9
end_of_record
TN:
SF:src\features\clients\components\ClientShow.tsx
FN:12,ClientShow
FN:22,queryFn
FN:45,onClick
FNF:3
FNH:2
FNDA:2,ClientShow
FNDA:1,queryFn
FNDA:0,onClick
DA:1,1
DA:2,1
DA:3,1
DA:4,1
DA:6,1
DA:7,1
DA:9,1
DA:10,1
DA:12,2
DA:13,2
DA:14,2
DA:16,2
DA:17,0
DA:18,0
DA:20,2
DA:21,2
DA:22,2
DA:23,1
DA:24,1
DA:25,1
DA:26,2
DA:27,2
DA:29,2
DA:30,2
DA:32,2
DA:33,1
DA:34,1
DA:36,2
DA:37,0
DA:38,0
DA:39,0
DA:40,0
DA:41,0
DA:43,1
DA:44,1
DA:45,1
DA:46,1
DA:48,1
DA:49,1
DA:51,1
DA:52,1
DA:53,1
DA:54,2
DA:55,2
DA:56,2
DA:57,2
DA:58,2
DA:60,2
LF:48
LH:41
BRDA:12,0,0,2
BRDA:16,1,0,0
BRDA:32,2,0,1
BRDA:36,3,0,0
BRDA:41,4,0,1
BRDA:55,5,0,1
BRDA:22,6,0,1
BRF:7
BRH:5
end_of_record
TN:
SF:src\features\clients\types\client.types.ts
FN:1,(empty-report)
FNF:1
FNH:1
FNDA:1,(empty-report)
LF:0
LH:0
BRDA:1,0,0,1
BRF:1
BRH:1
end_of_record
TN:
SF:src\features\materials\components\MaterialForm.tsx
FN:13,MaterialForm
FN:24,queryFn
FN:41,validateForm
FN:53,mutationFn
FN:62,onSuccess
FN:70,onError
FN:76,handleChange
FN:85,handleSubmit
FN:110,onClick
FN:123,onClick
FNF:10
FNH:7
FNDA:11,MaterialForm
FNDA:2,queryFn
FNDA:2,validateForm
FNDA:2,mutationFn
FNDA:2,onSuccess
FNDA:0,onError
FNDA:2,handleChange
FNDA:2,handleSubmit
FNDA:0,onClick
FNDA:0,onClick
DA:1,1
DA:2,1
DA:3,1
DA:4,1
DA:5,1
DA:7,1
DA:8,1
DA:10,1
DA:11,1
DA:13,11
DA:14,11
DA:15,11
DA:16,11
DA:17,11
DA:18,11
DA:19,11
DA:20,11
DA:22,11
DA:23,11
DA:24,11
DA:25,2
DA:26,2
DA:27,2
DA:28,2
DA:29,0
DA:30,2
DA:31,11
DA:32,11
DA:33,11
DA:35,11
DA:36,3
DA:37,1
DA:38,1
DA:39,11
DA:41,11
DA:42,2
DA:44,2
DA:45,0
DA:46,0
DA:48,2
DA:49,2
DA:50,2
DA:52,11
DA:53,11
DA:54,2
DA:55,1
DA:56,1
DA:57,1
DA:58,1
DA:59,1
DA:60,1
DA:61,2
DA:62,11
DA:63,2
DA:64,2
DA:65,1
DA:66,1
DA:67,2
DA:68,2
DA:69,2
DA:70,11
DA:71,0
DA:72,0
DA:73,0
DA:74,11
DA:76,11
DA:77,2
DA:78,2
DA:80,2
DA:81,0
DA:82,0
DA:83,2
DA:85,11
DA:86,2
DA:87,2
DA:88,2
DA:89,2
DA:90,2
DA:92,11
DA:93,11
DA:95,11
DA:97,11
DA:98,3
DA:99,3
DA:101,11
DA:102,0
DA:103,0
DA:104,0
DA:105,0
DA:106,0
DA:108,8
DA:109,8
DA:110,8
DA:111,8
DA:113,8
DA:114,8
DA:115,11
DA:116,11
DA:117,11
DA:118,11
DA:119,11
DA:120,11
DA:121,11
DA:122,11
DA:123,11
DA:125,11
DA:126,11
DA:127,11
DA:128,11
DA:130,11
LF:110
LH:97
BRDA:13,0,0,11
BRDA:95,1,0,9
BRDA:97,2,0,10
BRDA:97,3,0,3
BRDA:98,4,0,2
BRDA:99,5,0,8
BRDA:101,6,0,0
BRDA:106,7,0,8
BRDA:115,8,0,4
BRDA:115,9,0,4
BRDA:118,10,0,2
BRDA:118,11,0,8
BRDA:120,12,0,8
BRDA:121,13,0,4
BRDA:121,14,0,4
BRDA:123,15,0,8
BRDA:24,16,0,2
BRDA:28,17,0,0
BRDA:35,18,0,3
BRDA:36,19,0,1
BRDA:41,20,0,2
BRDA:44,21,0,0
BRDA:53,22,0,2
BRDA:54,23,0,1
BRDA:62,24,0,2
BRDA:64,25,0,1
BRDA:76,26,0,2
BRDA:80,27,0,0
BRDA:85,28,0,2
BRF:29
BRH:25
end_of_record
TN:
SF:src\features\materials\components\MaterialList.tsx
FN:12,MaterialList
FN:22,queryFn
FN:30,mutationFn
FN:31,onSuccess
FN:35,onError
FN:63,handleDelete
FN:70,handleFilterChange
FN:75,handlePageChange
FN:79,handleItemsPerPageChange
FN:84,handleView
FN:88,handleEdit
FN:92,handleAdd
FN:145,onClick
FN:153,onClick
FN:161,onClick
FNF:15
FNH:2
FNDA:2,MaterialList
FNDA:1,queryFn
FNDA:0,mutationFn
FNDA:0,onSuccess
FNDA:0,onError
FNDA:0,handleDelete
FNDA:0,handleFilterChange
FNDA:0,handlePageChange
FNDA:0,handleItemsPerPageChange
FNDA:0,handleView
FNDA:0,handleEdit
FNDA:0,handleAdd
FNDA:0,onClick
FNDA:0,onClick
FNDA:0,onClick
DA:1,1
DA:2,1
DA:3,1
DA:4,1
DA:5,1
DA:7,1
DA:9,1
DA:10,1
DA:12,2
DA:13,2
DA:14,2
DA:15,2
DA:16,2
DA:17,2
DA:18,2
DA:20,2
DA:21,2
DA:22,2
DA:23,1
DA:24,1
DA:25,1
DA:26,2
DA:27,2
DA:29,2
DA:30,2
DA:31,2
DA:32,0
DA:33,0
DA:34,0
DA:35,2
DA:36,0
DA:37,0
DA:38,2
DA:40,2
DA:41,2
DA:43,2
DA:45,2
DA:46,1
DA:47,1
DA:49,2
DA:50,0
DA:51,0
DA:53,2
DA:54,0
DA:55,0
DA:56,0
DA:57,0
DA:58,0
DA:59,0
DA:61,0
DA:63,1
DA:64,0
DA:65,0
DA:66,0
DA:67,0
DA:68,0
DA:70,1
DA:71,0
DA:72,0
DA:73,0
DA:75,1
DA:76,0
DA:77,0
DA:79,1
DA:80,0
DA:81,0
DA:82,0
DA:84,1
DA:85,0
DA:86,0
DA:88,1
DA:89,0
DA:90,0
DA:92,1
DA:93,0
DA:94,0
DA:96,1
DA:97,1
DA:98,1
DA:99,1
DA:100,0
DA:102,2
DA:103,2
DA:104,2
DA:105,2
DA:107,2
DA:108,2
DA:109,2
DA:111,2
DA:112,2
DA:113,2
DA:114,2
DA:115,2
DA:116,2
DA:117,2
DA:118,2
DA:119,2
DA:120,2
DA:121,2
DA:123,2
DA:124,2
DA:125,2
DA:126,0
DA:128,1
DA:129,1
DA:130,1
DA:131,1
DA:132,1
DA:133,1
DA:134,1
DA:135,1
DA:136,1
DA:137,1
DA:138,1
DA:139,1
DA:140,2
DA:141,2
DA:142,2
DA:143,2
DA:144,2
DA:145,2
DA:146,2
DA:147,2
DA:148,2
DA:149,2
DA:151,2
DA:152,2
DA:153,2
DA:154,2
DA:155,2
DA:156,2
DA:157,2
DA:159,2
DA:160,2
DA:161,2
DA:162,2
DA:163,2
DA:164,2
DA:165,2
DA:166,2
DA:168,2
DA:169,2
DA:170,2
DA:171,1
DA:172,1
DA:173,1
DA:174,1
DA:175,1
DA:176,1
DA:177,1
DA:178,1
DA:179,1
DA:180,1
DA:181,1
DA:183,1
DA:184,1
DA:185,1
DA:186,1
DA:187,1
DA:188,1
DA:189,1
DA:190,1
DA:191,1
DA:192,1
DA:193,1
DA:194,1
DA:195,1
DA:196,1
DA:197,1
DA:198,1
DA:200,2
DA:202,2
LF:172
LH:137
BRDA:12,0,0,2
BRDA:45,1,0,1
BRDA:45,2,0,1
BRDA:46,3,0,0
BRDA:49,4,0,0
BRDA:51,5,0,1
BRDA:53,6,0,0
BRDA:61,7,0,1
BRDA:99,8,0,0
BRDA:125,9,0,0
BRDA:126,10,0,1
BRDA:22,11,0,1
BRDA:24,12,0,0
BRDA:98,13,0,2
BRDA:98,14,0,0
BRDA:139,15,0,2
BRF:16
BRH:9
end_of_record
TN:
SF:src\features\materials\components\MaterialShow.tsx
FN:12,MaterialShow
FN:22,queryFn
FN:45,onClick
FNF:3
FNH:2
FNDA:2,MaterialShow
FNDA:1,queryFn
FNDA:0,onClick
DA:1,1
DA:2,1
DA:3,1
DA:4,1
DA:6,1
DA:7,1
DA:9,1
DA:10,1
DA:12,2
DA:13,2
DA:14,2
DA:16,2
DA:17,0
DA:18,0
DA:20,2
DA:21,2
DA:22,2
DA:23,1
DA:24,1
DA:25,1
DA:26,2
DA:27,2
DA:29,2
DA:30,2
DA:32,2
DA:33,1
DA:34,1
DA:36,2
DA:37,0
DA:38,0
DA:39,0
DA:40,0
DA:41,0
DA:43,1
DA:44,1
DA:45,1
DA:46,1
DA:48,1
DA:49,1
DA:51,1
DA:52,1
DA:53,1
DA:54,2
DA:55,2
DA:56,2
DA:57,2
DA:59,2
LF:47
LH:40
BRDA:12,0,0,2
BRDA:16,1,0,0
BRDA:32,2,0,1
BRDA:36,3,0,0
BRDA:41,4,0,1
BRDA:22,5,0,1
BRF:6
BRH:4
end_of_record
TN:
SF:src\features\materials\types\material.types.ts
FN:1,(empty-report)
FNF:1
FNH:1
FNDA:1,(empty-report)
LF:0
LH:0
BRDA:1,0,0,1
BRF:1
BRH:1
end_of_record
TN:
SF:src\features\sales\components\SaleForm.tsx
FN:22,SaleForm
FN:39,queryFn
FN:52,queryFn
FN:61,queryFn
FN:94,validateForm
FN:114,mutationFn
FN:138,onSuccess
FN:147,onError
FN:155,handleChange
FN:164,handleCustomerChange
FN:173,handleMaterialChange
FN:183,handleSubmit
FN:210,onClick
FN:292,onChange
FN:312,onClick
FNF:15
FNH:12
FNDA:135,SaleForm
FNDA:2,queryFn
FNDA:3,queryFn
FNDA:3,queryFn
FNDA:3,validateForm
FNDA:2,mutationFn
FNDA:2,onSuccess
FNDA:0,onError
FNDA:114,handleChange
FNDA:3,handleCustomerChange
FNDA:4,handleMaterialChange
FNDA:3,handleSubmit
FNDA:0,onClick
FNDA:4,onChange
FNDA:0,onClick
DA:1,1
DA:2,1
DA:3,1
DA:4,1
DA:5,1
DA:6,1
DA:7,1
DA:9,1
DA:10,1
DA:22,135
DA:23,135
DA:24,135
DA:25,135
DA:26,135
DA:27,135
DA:28,135
DA:29,135
DA:30,135
DA:31,135
DA:32,135
DA:33,135
DA:34,135
DA:35,135
DA:37,135
DA:38,135
DA:39,135
DA:40,2
DA:41,2
DA:42,2
DA:43,2
DA:44,0
DA:45,2
DA:46,135
DA:47,135
DA:48,135
DA:50,135
DA:51,135
DA:52,135
DA:53,3
DA:54,3
DA:55,3
DA:56,135
DA:57,135
DA:59,135
DA:60,135
DA:61,135
DA:62,3
DA:63,3
DA:64,3
DA:65,135
DA:66,135
DA:68,135
DA:69,6
DA:70,3
DA:71,3
DA:72,6
DA:73,3
DA:75,3
DA:76,1
DA:77,1
DA:78,1
DA:79,1
DA:80,1
DA:81,1
DA:82,1
DA:83,1
DA:84,1
DA:85,3
DA:86,2
DA:87,2
DA:88,2
DA:89,2
DA:90,2
DA:91,3
DA:92,135
DA:94,135
DA:95,3
DA:97,3
DA:98,1
DA:99,1
DA:101,3
DA:102,0
DA:103,0
DA:105,3
DA:106,0
DA:107,0
DA:109,3
DA:110,3
DA:111,3
DA:113,135
DA:114,135
DA:115,2
DA:116,2
DA:117,4
DA:118,4
DA:119,4
DA:120,2
DA:121,2
DA:123,2
DA:124,2
DA:125,2
DA:126,2
DA:127,2
DA:128,2
DA:130,2
DA:131,1
DA:132,1
DA:133,1
DA:134,1
DA:135,1
DA:136,1
DA:137,2
DA:138,135
DA:139,2
DA:140,2
DA:141,1
DA:142,1
DA:143,2
DA:144,2
DA:145,2
DA:146,2
DA:147,135
DA:148,0
DA:149,0
DA:150,0
DA:151,0
DA:152,0
DA:153,135
DA:155,135
DA:156,114
DA:157,114
DA:159,114
DA:160,0
DA:161,0
DA:162,114
DA:164,135
DA:165,3
DA:166,3
DA:168,3
DA:169,0
DA:170,0
DA:171,3
DA:173,135
DA:174,4
DA:175,4
DA:176,4
DA:177,4
DA:178,4
DA:179,4
DA:180,4
DA:181,4
DA:183,135
DA:184,3
DA:185,2
DA:186,2
DA:187,2
DA:188,2
DA:189,3
DA:191,135
DA:192,135
DA:193,135
DA:195,135
DA:196,5
DA:197,5
DA:199,135
DA:200,0
DA:201,0
DA:202,0
DA:203,0
DA:204,0
DA:206,130
DA:207,130
DA:208,130
DA:209,130
DA:210,130
DA:211,130
DA:212,130
DA:213,130
DA:214,130
DA:215,130
DA:216,130
DA:217,130
DA:218,130
DA:219,130
DA:221,130
DA:222,130
DA:223,135
DA:224,135
DA:225,135
DA:226,0
DA:227,0
DA:228,0
DA:230,135
DA:231,135
DA:232,135
DA:233,135
DA:234,135
DA:235,135
DA:236,135
DA:237,135
DA:238,135
DA:239,135
DA:240,135
DA:241,135
DA:242,135
DA:243,135
DA:244,135
DA:245,135
DA:246,135
DA:247,135
DA:248,135
DA:249,135
DA:250,135
DA:251,135
DA:252,135
DA:253,135
DA:254,135
DA:255,135
DA:256,135
DA:257,135
DA:258,135
DA:259,135
DA:260,135
DA:261,135
DA:263,135
DA:264,135
DA:265,135
DA:266,135
DA:267,130
DA:268,260
DA:269,260
DA:270,260
DA:271,130
DA:272,135
DA:273,135
DA:274,0
DA:275,0
DA:276,0
DA:278,135
DA:279,135
DA:280,135
DA:281,135
DA:283,135
DA:284,135
DA:285,135
DA:286,130
DA:287,260
DA:288,260
DA:289,260
DA:290,260
DA:291,260
DA:292,260
DA:293,260
DA:294,260
DA:296,260
DA:297,260
DA:298,130
DA:299,135
DA:300,135
DA:301,135
DA:302,135
DA:303,135
DA:304,135
DA:305,135
DA:306,135
DA:308,135
DA:309,135
DA:310,135
DA:311,135
DA:312,135
DA:313,135
DA:314,135
DA:316,135
DA:317,135
DA:318,135
DA:319,135
DA:321,135
LF:277
LH:252
BRDA:22,0,0,135
BRDA:191,1,0,134
BRDA:191,2,0,132
BRDA:193,3,0,133
BRDA:195,4,0,132
BRDA:195,5,0,5
BRDA:196,6,0,2
BRDA:197,7,0,130
BRDA:199,8,0,0
BRDA:204,9,0,130
BRDA:223,10,0,42
BRDA:223,11,0,88
BRDA:225,12,0,0
BRDA:234,13,0,41
BRDA:239,14,0,129
BRDA:244,15,0,20
BRDA:251,16,0,130
BRDA:258,17,0,83
BRDA:266,18,0,130
BRDA:273,19,0,0
BRDA:285,20,0,130
BRDA:306,21,0,130
BRDA:308,22,0,42
BRDA:308,23,0,88
BRDA:313,24,0,130
BRDA:39,25,0,2
BRDA:43,26,0,0
BRDA:52,27,0,3
BRDA:61,28,0,3
BRDA:68,29,0,6
BRDA:69,30,0,3
BRDA:75,31,0,1
BRDA:85,32,0,2
BRDA:71,33,0,6
BRDA:82,34,0,1
BRDA:86,35,0,2
BRDA:94,36,0,3
BRDA:97,37,0,2
BRDA:97,38,0,1
BRDA:101,39,0,0
BRDA:105,40,0,0
BRDA:114,41,0,2
BRDA:130,42,0,1
BRDA:116,43,0,4
BRDA:138,44,0,2
BRDA:140,45,0,1
BRDA:155,46,0,114
BRDA:159,47,0,0
BRDA:164,48,0,3
BRDA:168,49,0,0
BRDA:173,50,0,4
BRDA:183,51,0,3
BRDA:184,52,0,2
BRDA:267,53,0,260
BRDA:286,54,0,260
BRDA:291,55,0,216
BRDA:292,56,0,4
BRF:57
BRH:49
end_of_record
TN:
SF:src\features\sales\components\SaleList.tsx
FN:12,SaleList
FN:22,queryFn
FN:30,mutationFn
FN:31,onSuccess
FN:35,onError
FN:63,handleDelete
FN:70,handleFilterChange
FN:75,handlePageChange
FN:79,handleItemsPerPageChange
FN:84,handleView
FN:88,handleEdit
FN:92,handleAdd
FN:151,onClick
FN:155,onClick
FN:159,onClick
FNF:15
FNH:10
FNDA:4,SaleList
FNDA:2,queryFn
FNDA:1,mutationFn
FNDA:1,onSuccess
FNDA:0,onError
FNDA:1,handleDelete
FNDA:0,handleFilterChange
FNDA:0,handlePageChange
FNDA:0,handleItemsPerPageChange
FNDA:1,handleView
FNDA:1,handleEdit
FNDA:0,handleAdd
FNDA:1,onClick
FNDA:1,onClick
FNDA:1,onClick
DA:1,1
DA:2,1
DA:3,1
DA:4,1
DA:5,1
DA:7,1
DA:9,1
DA:10,1
DA:12,4
DA:13,4
DA:14,4
DA:15,4
DA:16,4
DA:17,4
DA:18,4
DA:20,4
DA:21,4
DA:22,4
DA:23,2
DA:24,2
DA:25,2
DA:26,4
DA:27,4
DA:29,4
DA:30,4
DA:31,4
DA:32,1
DA:33,1
DA:34,1
DA:35,4
DA:36,0
DA:37,0
DA:38,4
DA:40,4
DA:41,4
DA:43,4
DA:45,4
DA:46,2
DA:47,2
DA:49,4
DA:50,0
DA:51,0
DA:53,4
DA:54,0
DA:55,0
DA:56,0
DA:57,0
DA:58,0
DA:59,0
DA:61,0
DA:63,2
DA:64,1
DA:65,1
DA:66,1
DA:67,1
DA:68,1
DA:70,2
DA:71,0
DA:72,0
DA:73,0
DA:75,2
DA:76,0
DA:77,0
DA:79,2
DA:80,0
DA:81,0
DA:82,0
DA:84,2
DA:85,1
DA:86,1
DA:88,2
DA:89,1
DA:90,1
DA:92,2
DA:93,0
DA:94,0
DA:96,2
DA:97,2
DA:98,2
DA:99,4
DA:100,0
DA:101,2
DA:102,0
DA:104,4
DA:105,4
DA:106,4
DA:107,4
DA:109,4
DA:110,4
DA:111,4
DA:112,4
DA:113,4
DA:114,4
DA:115,4
DA:116,4
DA:117,0
DA:119,2
DA:120,2
DA:121,2
DA:122,2
DA:123,2
DA:124,2
DA:125,2
DA:126,2
DA:127,2
DA:128,2
DA:129,2
DA:130,2
DA:131,2
DA:132,2
DA:133,2
DA:134,4
DA:135,4
DA:136,4
DA:137,4
DA:138,4
DA:139,4
DA:140,4
DA:141,4
DA:142,4
DA:143,4
DA:144,4
DA:145,4
DA:147,0
DA:149,4
DA:150,4
DA:151,4
DA:152,4
DA:154,4
DA:155,4
DA:156,4
DA:158,4
DA:159,4
DA:160,4
DA:162,4
DA:163,4
DA:164,4
DA:165,2
DA:166,2
DA:167,2
DA:168,2
DA:169,2
DA:170,2
DA:171,2
DA:172,2
DA:173,2
DA:174,2
DA:175,2
DA:176,2
DA:177,2
DA:178,2
DA:179,2
DA:180,2
DA:181,2
DA:183,4
DA:185,4
LF:156
LH:131
BRDA:12,0,0,4
BRDA:41,1,0,3
BRDA:45,2,0,3
BRDA:45,3,0,2
BRDA:46,4,0,1
BRDA:49,5,0,0
BRDA:51,6,0,2
BRDA:53,7,0,0
BRDA:61,8,0,2
BRDA:101,9,0,0
BRDA:116,10,0,0
BRDA:117,11,0,2
BRDA:22,12,0,2
BRDA:24,13,0,0
BRDA:30,14,0,1
BRDA:31,15,0,1
BRDA:63,16,0,1
BRDA:84,17,0,1
BRDA:88,18,0,1
BRDA:98,19,0,4
BRDA:99,20,0,0
BRDA:99,21,0,0
BRDA:133,22,0,4
BRDA:136,23,0,0
BRDA:137,24,0,0
BRDA:138,25,0,0
BRDA:138,26,0,0
BRDA:145,27,0,0
BRDA:141,28,0,4
BRDA:143,29,0,0
BRDA:151,30,0,1
BRDA:155,31,0,1
BRDA:159,32,0,1
BRF:33
BRH:20
end_of_record
TN:
SF:src\features\sales\components\SaleShow.tsx
FN:12,SaleShow
FN:22,queryFn
FN:51,onClick
FNF:3
FNH:3
FNDA:3,SaleShow
FNDA:1,queryFn
FNDA:1,onClick
DA:1,1
DA:2,1
DA:3,1
DA:4,1
DA:6,1
DA:7,1
DA:9,1
DA:10,1
DA:12,3
DA:13,3
DA:14,3
DA:16,3
DA:17,1
DA:18,1
DA:20,2
DA:21,2
DA:22,2
DA:23,1
DA:24,1
DA:25,1
DA:26,2
DA:27,2
DA:29,2
DA:30,2
DA:32,3
DA:33,1
DA:34,1
DA:36,3
DA:37,0
DA:38,0
DA:39,0
DA:40,0
DA:41,0
DA:43,3
DA:44,0
DA:45,0
DA:47,1
DA:48,1
DA:49,1
DA:50,1
DA:51,1
DA:52,1
DA:53,1
DA:54,1
DA:55,1
DA:56,1
DA:57,1
DA:58,1
DA:59,1
DA:60,1
DA:62,1
DA:63,1
DA:65,1
DA:66,1
DA:67,1
DA:68,1
DA:69,3
DA:70,3
DA:71,3
DA:72,3
DA:73,3
DA:74,3
DA:75,3
DA:76,3
DA:77,3
DA:78,3
DA:79,3
DA:80,3
DA:81,1
DA:82,1
DA:83,1
DA:84,1
DA:85,1
DA:87,0
DA:89,3
DA:90,3
DA:91,3
DA:93,3
LF:78
LH:70
BRDA:12,0,0,3
BRDA:16,1,0,1
BRDA:18,2,0,2
BRDA:32,3,0,1
BRDA:36,4,0,0
BRDA:41,5,0,1
BRDA:43,6,0,0
BRDA:45,7,0,1
BRDA:69,8,0,0
BRDA:72,9,0,0
BRDA:75,10,0,1
BRDA:75,11,0,0
BRDA:80,12,0,1
BRDA:80,13,0,1
BRDA:85,14,0,0
BRDA:22,15,0,1
BRDA:51,16,0,1
BRDA:81,17,0,1
BRDA:83,18,0,0
BRF:19
BRH:12
end_of_record
TN:
SF:src\features\sales\types\sale.types.ts
FN:1,(empty-report)
FNF:1
FNH:1
FNDA:1,(empty-report)
LF:0
LH:0
BRDA:1,0,0,1
BRF:1
BRH:1
end_of_record
TN:
SF:src\features\tickets\components\TicketForm.tsx
FN:14,TicketForm
FN:27,queryFn
FN:40,queryFn
FN:58,validateForm
FN:78,mutationFn
FN:92,onSuccess
FN:101,onError
FN:109,handleChange
FN:118,handleChangeSale
FN:127,handleSubmit
FN:154,onClick
FN:233,onClick
FNF:12
FNH:8
FNDA:48,TicketForm
FNDA:0,queryFn
FNDA:1,queryFn
FNDA:1,validateForm
FNDA:1,mutationFn
FNDA:1,onSuccess
FNDA:0,onError
FNDA:43,handleChange
FNDA:1,handleChangeSale
FNDA:1,handleSubmit
FNDA:0,onClick
FNDA:0,onClick
DA:1,1
DA:2,1
DA:3,1
DA:4,1
DA:5,1
DA:7,1
DA:8,1
DA:10,1
DA:11,1
DA:14,48
DA:15,48
DA:16,48
DA:17,48
DA:19,48
DA:20,48
DA:21,48
DA:22,48
DA:23,48
DA:25,48
DA:26,48
DA:27,48
DA:28,0
DA:29,0
DA:30,0
DA:31,0
DA:32,0
DA:33,0
DA:34,48
DA:35,48
DA:36,48
DA:38,48
DA:39,48
DA:40,48
DA:41,1
DA:42,1
DA:43,1
DA:44,48
DA:45,48
DA:47,48
DA:48,1
DA:49,0
DA:50,0
DA:51,0
DA:52,0
DA:53,0
DA:54,0
DA:55,0
DA:56,48
DA:58,48
DA:59,1
DA:61,1
DA:62,0
DA:63,0
DA:65,1
DA:66,0
DA:67,0
DA:69,1
DA:70,0
DA:71,0
DA:73,1
DA:74,1
DA:75,1
DA:77,48
DA:78,48
DA:79,1
DA:80,1
DA:81,1
DA:82,1
DA:83,1
DA:84,1
DA:85,0
DA:86,0
DA:87,1
DA:88,1
DA:89,1
DA:90,1
DA:91,1
DA:92,48
DA:93,1
DA:94,1
DA:95,0
DA:96,0
DA:97,1
DA:98,1
DA:99,1
DA:100,1
DA:101,48
DA:102,0
DA:103,0
DA:104,0
DA:105,0
DA:106,0
DA:107,48
DA:109,48
DA:110,43
DA:111,43
DA:113,43
DA:114,0
DA:115,0
DA:116,43
DA:118,48
DA:119,1
DA:120,1
DA:122,1
DA:123,0
DA:124,0
DA:125,1
DA:127,48
DA:128,1
DA:129,1
DA:130,1
DA:131,1
DA:132,1
DA:133,1
DA:135,48
DA:136,48
DA:137,48
DA:139,48
DA:140,2
DA:141,2
DA:143,48
DA:144,0
DA:145,0
DA:146,0
DA:147,0
DA:148,0
DA:150,46
DA:151,46
DA:152,46
DA:153,46
DA:154,46
DA:155,46
DA:156,46
DA:157,46
DA:158,46
DA:159,46
DA:160,46
DA:161,46
DA:162,46
DA:163,46
DA:165,46
DA:166,46
DA:167,48
DA:168,48
DA:169,48
DA:170,0
DA:171,0
DA:172,0
DA:174,48
DA:175,48
DA:176,48
DA:177,48
DA:178,48
DA:179,48
DA:180,48
DA:181,48
DA:182,48
DA:183,48
DA:184,48
DA:185,48
DA:186,48
DA:187,48
DA:188,48
DA:189,48
DA:190,48
DA:191,48
DA:192,48
DA:193,48
DA:194,48
DA:195,48
DA:196,48
DA:197,48
DA:198,48
DA:199,48
DA:200,48
DA:201,48
DA:202,48
DA:203,48
DA:204,48
DA:205,48
DA:207,48
DA:208,48
DA:209,48
DA:210,48
DA:211,46
DA:212,92
DA:213,92
DA:214,92
DA:215,46
DA:216,48
DA:217,48
DA:218,0
DA:219,0
DA:220,0
DA:222,48
DA:223,48
DA:224,48
DA:225,48
DA:226,48
DA:227,48
DA:229,48
DA:230,48
DA:231,48
DA:232,48
DA:233,48
DA:234,48
DA:235,48
DA:237,48
DA:238,48
DA:239,48
DA:240,48
DA:242,48
LF:212
LH:169
BRDA:14,0,0,48
BRDA:137,1,0,47
BRDA:139,2,0,47
BRDA:139,3,0,2
BRDA:140,4,0,1
BRDA:141,5,0,46
BRDA:143,6,0,0
BRDA:148,7,0,46
BRDA:167,8,0,0
BRDA:167,9,0,46
BRDA:169,10,0,0
BRDA:178,11,0,1
BRDA:183,12,0,46
BRDA:188,13,0,15
BRDA:195,14,0,46
BRDA:202,15,0,44
BRDA:210,16,0,46
BRDA:217,17,0,0
BRDA:227,18,0,46
BRDA:229,19,0,0
BRDA:229,20,0,46
BRDA:234,21,0,46
BRDA:40,22,0,1
BRDA:47,23,0,1
BRDA:48,24,0,0
BRDA:58,25,0,1
BRDA:61,26,0,0
BRDA:65,27,0,0
BRDA:69,28,0,0
BRDA:78,29,0,1
BRDA:84,30,0,0
BRDA:92,31,0,1
BRDA:94,32,0,0
BRDA:109,33,0,43
BRDA:113,34,0,0
BRDA:118,35,0,1
BRDA:119,36,0,0
BRDA:122,37,0,0
BRDA:127,38,0,1
BRDA:211,39,0,92
BRF:40
BRH:26
end_of_record
TN:
SF:src\features\tickets\components\TicketList.tsx
FN:12,TicketList
FN:22,queryFn
FN:30,mutationFn
FN:31,onSuccess
FN:35,onError
FN:63,handleDelete
FN:70,handleFilterChange
FN:75,handlePageChange
FN:79,handleItemsPerPageChange
FN:84,handleView
FN:88,handleEdit
FN:92,handleAdd
FN:153,onClick
FN:161,onClick
FN:169,onClick
FNF:15
FNH:10
FNDA:4,TicketList
FNDA:2,queryFn
FNDA:1,mutationFn
FNDA:1,onSuccess
FNDA:0,onError
FNDA:1,handleDelete
FNDA:0,handleFilterChange
FNDA:0,handlePageChange
FNDA:0,handleItemsPerPageChange
FNDA:1,handleView
FNDA:1,handleEdit
FNDA:0,handleAdd
FNDA:1,onClick
FNDA:1,onClick
FNDA:1,onClick
DA:1,1
DA:2,1
DA:3,1
DA:4,1
DA:5,1
DA:7,1
DA:9,1
DA:10,1
DA:12,4
DA:13,4
DA:14,4
DA:15,4
DA:16,4
DA:17,4
DA:18,4
DA:20,4
DA:21,4
DA:22,4
DA:23,2
DA:24,2
DA:25,2
DA:26,4
DA:27,4
DA:29,4
DA:30,4
DA:31,4
DA:32,1
DA:33,1
DA:34,1
DA:35,4
DA:36,0
DA:37,0
DA:38,4
DA:40,4
DA:41,4
DA:43,4
DA:45,4
DA:46,2
DA:47,2
DA:49,4
DA:50,0
DA:51,0
DA:53,4
DA:54,0
DA:55,0
DA:56,0
DA:57,0
DA:58,0
DA:59,0
DA:61,0
DA:63,2
DA:64,1
DA:65,1
DA:66,1
DA:67,1
DA:68,1
DA:70,2
DA:71,0
DA:72,0
DA:73,0
DA:75,2
DA:76,0
DA:77,0
DA:79,2
DA:80,0
DA:81,0
DA:82,0
DA:84,2
DA:85,1
DA:86,1
DA:88,2
DA:89,1
DA:90,1
DA:92,2
DA:93,0
DA:94,0
DA:96,2
DA:97,2
DA:98,2
DA:99,4
DA:100,0
DA:101,2
DA:102,0
DA:104,4
DA:105,4
DA:106,4
DA:107,4
DA:109,4
DA:110,4
DA:111,4
DA:113,4
DA:114,4
DA:115,4
DA:116,4
DA:117,4
DA:118,4
DA:119,4
DA:120,4
DA:121,4
DA:122,4
DA:123,4
DA:125,4
DA:126,4
DA:127,4
DA:128,0
DA:130,2
DA:131,2
DA:132,2
DA:133,2
DA:134,2
DA:135,2
DA:136,2
DA:137,2
DA:138,2
DA:139,2
DA:140,2
DA:141,2
DA:142,2
DA:143,2
DA:144,4
DA:145,4
DA:146,4
DA:147,4
DA:148,4
DA:149,4
DA:150,4
DA:151,4
DA:152,4
DA:153,4
DA:154,4
DA:155,4
DA:156,4
DA:157,4
DA:159,4
DA:160,4
DA:161,4
DA:162,4
DA:163,4
DA:164,4
DA:165,4
DA:167,4
DA:168,4
DA:169,4
DA:170,4
DA:171,4
DA:172,4
DA:173,4
DA:174,4
DA:176,4
DA:177,4
DA:178,4
DA:179,2
DA:180,2
DA:181,2
DA:182,2
DA:183,2
DA:184,2
DA:185,2
DA:186,2
DA:187,2
DA:188,2
DA:189,2
DA:191,2
DA:192,2
DA:193,2
DA:194,2
DA:195,2
DA:196,2
DA:197,2
DA:198,2
DA:199,2
DA:200,2
DA:201,2
DA:202,2
DA:203,2
DA:204,2
DA:205,2
DA:206,2
DA:208,4
DA:210,4
LF:180
LH:156
BRDA:12,0,0,4
BRDA:41,1,0,3
BRDA:45,2,0,3
BRDA:45,3,0,2
BRDA:46,4,0,1
BRDA:49,5,0,0
BRDA:51,6,0,2
BRDA:53,7,0,0
BRDA:61,8,0,2
BRDA:101,9,0,0
BRDA:127,10,0,0
BRDA:128,11,0,2
BRDA:22,12,0,2
BRDA:24,13,0,0
BRDA:30,14,0,1
BRDA:31,15,0,1
BRDA:63,16,0,1
BRDA:84,17,0,1
BRDA:88,18,0,1
BRDA:98,19,0,4
BRDA:99,20,0,0
BRDA:99,21,0,0
BRDA:143,22,0,4
BRDA:146,23,0,0
BRDA:147,24,0,0
BRDA:149,25,0,0
BRDA:149,26,0,0
BRDA:153,27,0,1
BRDA:161,28,0,1
BRDA:169,29,0,1
BRF:30
BRH:19
end_of_record
TN:
SF:src\features\tickets\components\TicketShow.tsx
FN:12,TicketShow
FN:22,queryFn
FN:45,onClick
FNF:3
FNH:3
FNDA:3,TicketShow
FNDA:1,queryFn
FNDA:1,onClick
DA:1,1
DA:2,1
DA:3,1
DA:4,1
DA:6,1
DA:7,1
DA:9,1
DA:10,1
DA:12,3
DA:13,3
DA:14,3
DA:16,3
DA:17,1
DA:18,1
DA:20,2
DA:21,2
DA:22,2
DA:23,1
DA:24,1
DA:25,1
DA:26,2
DA:27,2
DA:29,2
DA:30,2
DA:32,3
DA:33,1
DA:34,1
DA:36,3
DA:37,0
DA:38,0
DA:39,0
DA:40,0
DA:41,0
DA:43,1
DA:44,1
DA:45,1
DA:46,1
DA:48,1
DA:49,1
DA:51,1
DA:52,1
DA:53,1
DA:54,3
DA:55,3
DA:56,3
DA:57,3
DA:58,3
DA:59,3
DA:61,3
LF:49
LH:44
BRDA:12,0,0,3
BRDA:16,1,0,1
BRDA:18,2,0,2
BRDA:32,3,0,1
BRDA:36,4,0,0
BRDA:41,5,0,1
BRDA:55,6,0,1
BRDA:56,7,0,1
BRDA:22,8,0,1
BRDA:45,9,0,1
BRF:10
BRH:9
end_of_record
TN:
SF:src\features\tickets\types\ticket.types.ts
FN:1,(empty-report)
FNF:1
FNH:1
FNDA:1,(empty-report)
LF:0
LH:0
BRDA:1,0,0,1
BRF:1
BRH:1
end_of_record
TN:
SF:src\features\users\components\UserForm.tsx
FN:13,UserForm
FN:24,queryFn
FN:41,validateForm
FN:65,mutationFn
FN:74,onSuccess
FN:82,onError
FN:87,handleChange
FN:96,handleSubmit
FN:123,onClick
FN:179,onClick
FNF:10
FNH:7
FNDA:217,UserForm
FNDA:2,queryFn
FNDA:4,validateForm
FNDA:2,mutationFn
FNDA:2,onSuccess
FNDA:0,onError
FNDA:205,handleChange
FNDA:4,handleSubmit
FNDA:0,onClick
FNDA:0,onClick
DA:1,1
DA:2,1
DA:3,1
DA:4,1
DA:5,1
DA:7,1
DA:8,1
DA:10,1
DA:11,1
DA:13,217
DA:14,217
DA:15,217
DA:16,217
DA:17,217
DA:18,217
DA:19,217
DA:20,217
DA:22,217
DA:23,217
DA:24,217
DA:25,2
DA:26,2
DA:27,2
DA:28,2
DA:29,0
DA:30,2
DA:31,217
DA:32,217
DA:33,217
DA:35,217
DA:36,5
DA:37,1
DA:38,1
DA:39,217
DA:41,217
DA:42,4
DA:44,4
DA:45,0
DA:46,0
DA:48,4
DA:49,0
DA:50,4
DA:51,1
DA:52,1
DA:54,4
DA:55,0
DA:56,4
DA:57,1
DA:58,1
DA:60,4
DA:61,4
DA:62,4
DA:64,217
DA:65,217
DA:66,2
DA:67,1
DA:68,1
DA:69,1
DA:70,1
DA:71,1
DA:72,1
DA:73,2
DA:74,217
DA:75,2
DA:76,2
DA:77,1
DA:78,1
DA:79,2
DA:80,2
DA:81,2
DA:82,217
DA:83,0
DA:84,0
DA:85,217
DA:87,217
DA:88,205
DA:89,205
DA:91,205
DA:92,0
DA:93,0
DA:94,205
DA:96,217
DA:97,4
DA:98,2
DA:99,2
DA:100,2
DA:101,4
DA:103,217
DA:104,217
DA:106,217
DA:108,217
DA:109,3
DA:110,3
DA:112,217
DA:113,0
DA:114,0
DA:115,0
DA:116,0
DA:117,0
DA:119,214
DA:120,214
DA:121,214
DA:122,214
DA:123,214
DA:124,214
DA:125,214
DA:126,214
DA:127,214
DA:128,214
DA:129,214
DA:130,214
DA:131,214
DA:132,214
DA:134,214
DA:135,214
DA:136,217
DA:137,217
DA:138,217
DA:139,217
DA:140,217
DA:141,217
DA:142,217
DA:143,217
DA:144,217
DA:145,217
DA:146,217
DA:147,217
DA:148,217
DA:149,217
DA:150,217
DA:151,217
DA:152,217
DA:153,217
DA:154,217
DA:155,217
DA:156,217
DA:157,217
DA:158,217
DA:159,217
DA:160,217
DA:161,159
DA:162,159
DA:163,159
DA:164,159
DA:165,159
DA:166,159
DA:167,159
DA:168,159
DA:169,159
DA:170,159
DA:171,159
DA:173,217
DA:174,217
DA:175,217
DA:176,217
DA:177,217
DA:178,217
DA:179,217
DA:180,217
DA:181,217
DA:183,217
DA:184,217
DA:185,217
DA:186,217
DA:188,217
LF:165
LH:151
BRDA:13,0,0,217
BRDA:106,1,0,215
BRDA:108,2,0,216
BRDA:108,3,0,3
BRDA:109,4,0,2
BRDA:110,5,0,214
BRDA:112,6,0,0
BRDA:117,7,0,214
BRDA:136,8,0,55
BRDA:136,9,0,159
BRDA:142,10,0,5
BRDA:147,11,0,214
BRDA:152,12,0,59
BRDA:158,13,0,213
BRDA:160,14,0,159
BRDA:164,15,0,131
BRDA:170,16,0,158
BRDA:174,17,0,214
BRDA:175,18,0,55
BRDA:175,19,0,159
BRDA:180,20,0,214
BRDA:24,21,0,2
BRDA:28,22,0,0
BRDA:35,23,0,5
BRDA:36,24,0,1
BRDA:41,25,0,4
BRDA:44,26,0,0
BRDA:48,27,0,0
BRDA:50,28,0,1
BRDA:54,29,0,3
BRDA:54,30,0,0
BRDA:56,31,0,3
BRDA:56,32,0,3
BRDA:56,33,0,1
BRDA:65,34,0,2
BRDA:66,35,0,1
BRDA:74,36,0,2
BRDA:76,37,0,1
BRDA:87,38,0,205
BRDA:91,39,0,0
BRDA:96,40,0,4
BRDA:97,41,0,2
BRF:42
BRH:36
end_of_record
TN:
SF:src\features\users\components\UserList.tsx
FN:13,UserList
FN:23,queryFn
FN:31,mutationFn
FN:32,onSuccess
FN:36,onError
FN:64,handleDelete
FN:71,handleFilterChange
FN:76,handlePageChange
FN:80,handleItemsPerPageChange
FN:85,handleView
FN:89,handleEdit
FN:93,handleAdd
FN:150,onClick
FN:158,onClick
FN:166,onClick
FNF:15
FNH:2
FNDA:2,UserList
FNDA:1,queryFn
FNDA:0,mutationFn
FNDA:0,onSuccess
FNDA:0,onError
FNDA:0,handleDelete
FNDA:0,handleFilterChange
FNDA:0,handlePageChange
FNDA:0,handleItemsPerPageChange
FNDA:0,handleView
FNDA:0,handleEdit
FNDA:0,handleAdd
FNDA:0,onClick
FNDA:0,onClick
FNDA:0,onClick
DA:1,1
DA:2,1
DA:3,1
DA:4,1
DA:5,1
DA:7,1
DA:9,1
DA:10,1
DA:13,2
DA:14,2
DA:15,2
DA:16,2
DA:17,2
DA:18,2
DA:19,2
DA:21,2
DA:22,2
DA:23,2
DA:24,1
DA:25,1
DA:26,1
DA:27,2
DA:28,2
DA:30,2
DA:31,2
DA:32,2
DA:33,0
DA:34,0
DA:35,0
DA:36,2
DA:37,0
DA:38,0
DA:39,2
DA:41,2
DA:42,2
DA:44,2
DA:46,2
DA:47,1
DA:48,1
DA:50,2
DA:51,0
DA:52,0
DA:54,2
DA:55,0
DA:56,0
DA:57,0
DA:58,0
DA:59,0
DA:60,0
DA:62,0
DA:64,1
DA:65,0
DA:66,0
DA:67,0
DA:68,0
DA:69,0
DA:71,1
DA:72,0
DA:73,0
DA:74,0
DA:76,1
DA:77,0
DA:78,0
DA:80,1
DA:81,0
DA:82,0
DA:83,0
DA:85,1
DA:86,0
DA:87,0
DA:89,1
DA:90,0
DA:91,0
DA:93,1
DA:94,0
DA:95,0
DA:97,1
DA:98,1
DA:99,1
DA:100,2
DA:101,0
DA:102,1
DA:103,0
DA:105,2
DA:106,2
DA:107,2
DA:108,2
DA:110,2
DA:111,2
DA:112,2
DA:114,2
DA:115,2
DA:116,2
DA:117,2
DA:118,2
DA:119,2
DA:120,2
DA:121,2
DA:122,2
DA:123,2
DA:124,2
DA:126,2
DA:127,2
DA:128,2
DA:129,0
DA:131,1
DA:132,1
DA:133,1
DA:134,1
DA:135,1
DA:136,1
DA:137,1
DA:138,1
DA:139,1
DA:140,1
DA:141,1
DA:142,1
DA:143,1
DA:144,2
DA:145,2
DA:146,2
DA:147,2
DA:148,2
DA:149,2
DA:150,2
DA:151,2
DA:152,2
DA:153,2
DA:154,2
DA:156,2
DA:157,2
DA:158,2
DA:159,2
DA:160,2
DA:161,2
DA:162,2
DA:164,2
DA:165,2
DA:166,2
DA:167,2
DA:168,2
DA:169,2
DA:170,2
DA:171,2
DA:173,2
DA:174,2
DA:175,2
DA:176,1
DA:177,1
DA:178,1
DA:179,1
DA:180,1
DA:181,1
DA:182,1
DA:183,1
DA:184,1
DA:185,1
DA:186,1
DA:188,1
DA:189,1
DA:190,1
DA:191,1
DA:192,1
DA:193,1
DA:194,1
DA:195,1
DA:196,1
DA:197,1
DA:198,1
DA:199,1
DA:200,1
DA:201,1
DA:202,1
DA:203,1
DA:205,2
DA:207,2
LF:176
LH:140
BRDA:13,0,0,2
BRDA:46,1,0,1
BRDA:46,2,0,1
BRDA:47,3,0,0
BRDA:50,4,0,0
BRDA:52,5,0,1
BRDA:54,6,0,0
BRDA:62,7,0,1
BRDA:102,8,0,0
BRDA:128,9,0,0
BRDA:129,10,0,1
BRDA:23,11,0,1
BRDA:25,12,0,0
BRDA:99,13,0,2
BRDA:100,14,0,0
BRDA:100,15,0,0
BRDA:143,16,0,2
BRDA:146,17,0,0
BRDA:147,18,0,0
BRF:19
BRH:9
end_of_record
TN:
SF:src\features\users\components\UserShow.tsx
FN:12,UserShow
FN:22,queryFn
FN:47,onClick
FNF:3
FNH:2
FNDA:2,UserShow
FNDA:1,queryFn
FNDA:0,onClick
DA:1,1
DA:2,1
DA:3,1
DA:4,1
DA:6,1
DA:7,1
DA:9,1
DA:10,1
DA:12,2
DA:13,2
DA:14,2
DA:16,2
DA:17,0
DA:18,0
DA:20,2
DA:21,2
DA:22,2
DA:23,1
DA:24,1
DA:25,1
DA:26,2
DA:27,2
DA:29,2
DA:30,2
DA:32,2
DA:33,1
DA:34,1
DA:36,2
DA:37,0
DA:38,0
DA:39,0
DA:40,0
DA:41,0
DA:43,1
DA:44,1
DA:45,1
DA:46,1
DA:47,1
DA:48,1
DA:49,1
DA:50,1
DA:51,1
DA:52,1
DA:53,1
DA:54,1
DA:55,1
DA:56,1
DA:58,1
DA:59,1
DA:61,1
DA:62,1
DA:63,1
DA:64,1
DA:65,1
DA:66,2
DA:67,2
DA:68,2
DA:69,2
DA:70,2
DA:71,2
DA:72,2
DA:74,2
LF:62
LH:55
BRDA:12,0,0,2
BRDA:16,1,0,0
BRDA:32,2,0,1
BRDA:36,3,0,0
BRDA:41,4,0,1
BRDA:68,5,0,1
BRDA:22,6,0,1
BRF:7
BRH:5
end_of_record
TN:
SF:src\features\users\types\user.types.ts
FN:1,(empty-report)
FNF:1
FNH:1
FNDA:1,(empty-report)
LF:0
LH:0
BRDA:1,0,0,1
BRF:1
BRH:1
end_of_record
TN:
SF:src\hooks\useApiError.tsx
FN:9,useApiError
FNF:1
FNH:1
FNDA:474,useApiError
DA:2,1
DA:9,1
DA:10,474
DA:11,2
DA:12,2
DA:15,2
DA:16,1
DA:17,1
DA:18,1
DA:19,1
DA:20,1
DA:22,1
DA:23,1
DA:24,1
DA:27,1
DA:28,1
DA:29,1
DA:31,1
DA:32,1
DA:33,1
DA:35,472
DA:36,472
DA:37,472
DA:38,472
DA:39,472
LF:25
LH:25
BRDA:9,0,0,474
BRDA:10,1,0,2
BRDA:12,2,0,1
BRDA:15,3,0,1
BRDA:15,4,0,1
BRDA:19,5,0,0
BRDA:33,6,0,472
BRF:7
BRH:6
end_of_record
TN:
SF:src\hooks\useLoadingSpinner.tsx
FN:7,useLoadingSpinner
FNF:1
FNH:1
FNDA:937,useLoadingSpinner
DA:1,1
DA:7,1
DA:8,937
DA:9,30
DA:10,30
DA:11,30
DA:12,30
DA:13,30
DA:14,30
DA:15,30
DA:16,30
DA:17,30
DA:19,30
DA:20,30
DA:22,30
DA:23,30
DA:25,30
DA:26,907
DA:27,907
LF:19
LH:19
BRDA:7,0,0,937
BRDA:8,1,0,931
BRDA:8,2,0,30
BRDA:25,3,0,907
BRF:4
BRH:4
end_of_record
TN:
SF:src\layouts\MainLayout.tsx
FN:78,MainLayout
FNF:1
FNH:1
FNDA:5,MainLayout
DA:1,1
DA:2,1
DA:4,1
DA:5,5
DA:6,5
DA:11,5
DA:12,5
DA:13,5
DA:14,5
DA:15,5
DA:21,5
DA:22,5
DA:23,5
DA:24,1
DA:26,1
DA:27,5
DA:28,5
DA:29,5
DA:30,5
DA:31,5
DA:32,5
DA:33,5
DA:34,5
DA:35,1
DA:37,1
DA:38,5
DA:39,5
DA:40,5
DA:41,5
DA:42,5
DA:43,5
DA:44,5
DA:45,5
DA:46,1
DA:48,1
DA:49,5
DA:50,5
DA:51,5
DA:52,5
DA:53,5
DA:54,1
DA:56,1
DA:57,1
DA:58,1
DA:59,1
DA:60,1
DA:61,1
DA:62,1
DA:63,1
DA:64,1
DA:65,1
DA:66,1
DA:67,1
DA:68,1
DA:69,1
DA:70,1
DA:78,5
DA:79,5
DA:80,5
DA:81,5
DA:82,5
DA:83,5
DA:85,5
DA:86,5
DA:87,5
DA:88,5
DA:89,5
DA:90,5
DA:91,5
DA:92,5
DA:93,5
DA:94,5
DA:95,5
DA:96,5
DA:97,5
DA:99,5
LF:76
LH:76
BRDA:4,0,0,5
BRDA:26,1,0,5
BRDA:37,2,0,5
BRDA:48,3,0,5
BRDA:78,4,0,5
BRF:5
BRH:5
end_of_record
TN:
SF:src\pages\HomePage.tsx
FN:71,HomePage
FNF:1
FNH:1
FNDA:5,HomePage
DA:1,1
DA:3,1
DA:4,1
DA:5,1
DA:6,1
DA:7,1
DA:8,1
DA:9,1
DA:10,1
DA:11,1
DA:12,1
DA:14,1
DA:15,1
DA:16,1
DA:17,1
DA:18,1
DA:19,1
DA:20,1
DA:21,1
DA:22,1
DA:23,1
DA:24,1
DA:25,1
DA:26,1
DA:28,1
DA:29,1
DA:30,1
DA:31,1
DA:32,1
DA:34,1
DA:35,1
DA:36,1
DA:37,1
DA:38,1
DA:39,1
DA:40,1
DA:41,1
DA:42,1
DA:43,1
DA:44,1
DA:45,1
DA:46,1
DA:48,1
DA:49,1
DA:50,1
DA:52,1
DA:53,1
DA:54,1
DA:56,1
DA:57,1
DA:58,1
DA:60,1
DA:61,1
DA:62,1
DA:64,1
DA:65,1
DA:66,1
DA:67,1
DA:68,1
DA:69,1
DA:71,5
DA:72,5
DA:73,5
DA:74,5
DA:75,5
DA:76,5
DA:77,5
DA:79,5
DA:80,5
DA:81,5
DA:82,5
DA:83,5
DA:84,5
DA:86,5
DA:87,5
DA:89,5
LF:76
LH:76
BRDA:71,0,0,5
BRF:1
BRH:1
end_of_record
TN:
SF:src\pages\LoginPage.tsx
FN:8,LoginPage
FN:15,handleChange
FN:19,handleSubmit
FN:33,handleAddUser
FNF:4
FNH:1
FNDA:3,LoginPage
FNDA:0,handleChange
FNDA:0,handleSubmit
FNDA:0,handleAddUser
DA:1,1
DA:2,1
DA:3,1
DA:4,1
DA:5,1
DA:6,1
DA:8,3
DA:9,3
DA:10,3
DA:11,3
DA:12,3
DA:13,3
DA:15,3
DA:16,0
DA:17,0
DA:19,3
DA:20,0
DA:21,0
DA:22,0
DA:23,0
DA:24,0
DA:25,0
DA:26,0
DA:27,0
DA:28,0
DA:29,0
DA:30,0
DA:31,0
DA:33,3
DA:34,0
DA:35,0
DA:36,0
DA:38,3
DA:40,3
DA:42,3
DA:43,3
DA:44,3
DA:45,3
DA:46,3
DA:47,3
DA:48,0
DA:50,3
DA:51,3
DA:52,3
DA:53,3
DA:54,3
DA:55,3
DA:56,3
DA:57,3
DA:58,3
DA:59,3
DA:60,3
DA:61,3
DA:62,3
DA:63,3
DA:64,3
DA:65,3
DA:66,3
DA:67,3
DA:68,3
DA:69,3
DA:70,3
DA:71,3
DA:72,3
DA:73,3
DA:74,3
DA:75,3
DA:76,3
DA:77,3
DA:79,3
DA:80,3
DA:81,3
DA:82,3
DA:84,3
DA:85,3
DA:86,3
DA:87,3
DA:88,3
DA:89,3
DA:90,0
DA:91,0
DA:92,0
DA:94,3
DA:95,3
DA:96,3
DA:97,3
DA:99,3
LF:87
LH:66
BRDA:8,0,0,3
BRDA:40,1,0,0
BRDA:47,2,0,0
BRDA:59,3,0,0
BRDA:60,4,0,0
BRDA:60,5,0,0
BRDA:70,6,0,0
BRDA:71,7,0,0
BRDA:71,8,0,0
BRDA:89,9,0,0
BRF:10
BRH:1
end_of_record
TN:
SF:src\pages\error\NotFoundPage.tsx
FN:4,NotFoundPage
FN:17,onClick
FNF:2
FNH:2
FNDA:5,NotFoundPage
FNDA:1,onClick
DA:1,1
DA:2,1
DA:4,5
DA:5,5
DA:7,5
DA:8,5
DA:9,5
DA:11,5
DA:12,5
DA:13,5
DA:14,5
DA:15,5
DA:16,5
DA:17,5
DA:19,5
DA:20,5
DA:21,5
DA:22,5
DA:23,5
DA:24,5
DA:25,5
DA:26,5
DA:28,5
DA:29,5
DA:31,5
LF:25
LH:25
BRDA:4,0,0,5
BRDA:17,1,0,1
BRF:2
BRH:2
end_of_record
TN:
SF:src\pages\error\ServerErrorPage.tsx
FN:4,ServerErrorPage
FN:17,onClick
FNF:2
FNH:2
FNDA:5,ServerErrorPage
FNDA:1,onClick
DA:1,1
DA:2,1
DA:4,5
DA:5,5
DA:7,5
DA:8,5
DA:9,5
DA:11,5
DA:12,5
DA:13,5
DA:14,5
DA:15,5
DA:16,5
DA:17,5
DA:18,5
DA:19,5
DA:20,5
DA:21,5
DA:22,5
DA:23,5
DA:24,5
DA:25,5
DA:27,5
DA:28,5
DA:30,5
LF:25
LH:25
BRDA:4,0,0,5
BRDA:17,1,0,1
BRF:2
BRH:2
end_of_record
TN:
SF:src\routes\ClientRoutes.tsx
FN:8,ClientRoutes
FNF:1
FNH:0
FNDA:0,ClientRoutes
DA:1,1
DA:2,1
DA:3,1
DA:4,1
DA:5,1
DA:8,0
DA:9,0
DA:10,0
DA:11,0
DA:12,0
DA:13,0
DA:14,0
DA:15,0
DA:16,0
DA:18,0
LF:15
LH:5
BRF:0
BRH:0
end_of_record
TN:
SF:src\routes\MaterialRoutes.tsx
FN:7,MaterialRoutes
FNF:1
FNH:0
FNDA:0,MaterialRoutes
DA:1,1
DA:2,1
DA:3,1
DA:4,1
DA:5,1
DA:7,0
DA:8,0
DA:9,0
DA:10,0
DA:11,0
DA:12,0
DA:13,0
DA:14,0
DA:15,0
DA:17,0
LF:15
LH:5
BRF:0
BRH:0
end_of_record
TN:
SF:src\routes\SaleRoutes.tsx
FN:7,SaleRoutes
FNF:1
FNH:0
FNDA:0,SaleRoutes
DA:1,1
DA:2,1
DA:3,1
DA:4,1
DA:5,1
DA:7,0
DA:8,0
DA:9,0
DA:10,0
DA:11,0
DA:12,0
DA:13,0
DA:14,0
DA:15,0
DA:17,0
LF:15
LH:5
BRF:0
BRH:0
end_of_record
TN:
SF:src\routes\TicketRoutes.tsx
FN:7,TicketRoutes
FNF:1
FNH:0
FNDA:0,TicketRoutes
DA:1,1
DA:2,1
DA:3,1
DA:4,1
DA:5,1
DA:7,0
DA:8,0
DA:9,0
DA:10,0
DA:11,0
DA:12,0
DA:13,0
DA:14,0
DA:15,0
DA:17,0
LF:15
LH:5
BRF:0
BRH:0
end_of_record
TN:
SF:src\routes\UserRoutes.tsx
FN:8,UserRoutes
FNF:1
FNH:0
FNDA:0,UserRoutes
DA:1,1
DA:2,1
DA:3,1
DA:4,1
DA:5,1
DA:6,1
DA:8,0
DA:9,0
DA:11,0
DA:12,0
DA:13,0
DA:14,0
DA:15,0
DA:16,0
DA:17,0
DA:18,0
DA:20,0
LF:17
LH:6
BRF:0
BRH:0
end_of_record
TN:
SF:src\services\apiService.ts
FN:8,getAuthConfig
FN:63,getAll
FN:67,getConfig
FN:71,getById
FN:75,create
FN:79,update
FN:83,deleteObj
FNF:7
FNH:7
FNDA:51,getAuthConfig
FNDA:20,getAll
FNDA:2,getConfig
FNDA:14,getById
FNDA:6,create
FNDA:5,update
FNDA:3,deleteObj
DA:1,1
DA:8,1
DA:9,51
DA:10,51
DA:11,51
DA:12,51
DA:13,51
DA:15,1
DA:16,1
DA:17,1
DA:18,1
DA:19,1
DA:20,1
DA:22,1
DA:23,1
DA:24,51
DA:25,51
DA:26,0
DA:27,0
DA:28,51
DA:29,46
DA:30,46
DA:31,51
DA:32,51
DA:33,1
DA:34,0
DA:35,0
DA:36,1
DA:38,1
DA:39,1
DA:40,48
DA:41,48
DA:42,1
DA:43,1
DA:44,47
DA:45,48
DA:46,1
DA:47,3
DA:48,1
DA:49,1
DA:50,1
DA:51,1
DA:52,1
DA:53,3
DA:54,1
DA:55,1
DA:56,1
DA:57,1
DA:58,1
DA:59,0
DA:60,3
DA:61,1
DA:63,1
DA:64,20
DA:65,20
DA:67,1
DA:68,2
DA:69,2
DA:71,1
DA:72,14
DA:73,14
DA:75,1
DA:76,6
DA:77,6
DA:79,1
DA:80,5
DA:81,5
DA:83,1
DA:84,3
DA:85,3
DA:87,1
LF:71
LH:66
BRDA:8,0,0,51
BRDA:23,1,0,51
BRDA:25,2,0,0
BRDA:28,3,0,49
BRDA:28,4,0,46
BRDA:28,5,0,46
BRDA:39,6,0,48
BRDA:41,7,0,1
BRDA:43,8,0,47
BRDA:46,9,0,3
BRDA:47,10,0,2
BRDA:47,11,0,1
BRDA:51,12,0,0
BRDA:52,13,0,2
BRDA:53,14,0,1
BRDA:54,15,0,0
BRDA:58,16,0,0
BRDA:63,17,0,20
BRDA:67,18,0,2
BRDA:71,19,0,14
BRDA:75,20,0,6
BRDA:79,21,0,5
BRDA:83,22,0,3
BRF:23
BRH:19
end_of_record
TN:
SF:src\services\authService.ts
FN:13,login
FN:30,logout
FN:35,getToken
FN:39,getCurrentUser
FN:44,isAuthenticated
FNF:5
FNH:5
FNDA:1,login
FNDA:1,logout
FNDA:39,getToken
FNDA:1,getCurrentUser
FNDA:38,isAuthenticated
DA:1,1
DA:13,1
DA:14,1
DA:15,1
DA:17,1
DA:18,1
DA:20,1
DA:21,1
DA:22,0
DA:23,0
DA:24,0
DA:25,0
DA:26,0
DA:27,0
DA:28,1
DA:30,1
DA:31,1
DA:32,1
DA:33,1
DA:35,1
DA:36,39
DA:37,39
DA:39,1
DA:40,1
DA:41,1
DA:42,1
DA:44,1
DA:45,38
DA:46,38
LF:29
LH:23
BRDA:13,0,0,1
BRDA:21,1,0,0
BRDA:30,2,0,1
BRDA:35,3,0,39
BRDA:39,4,0,1
BRDA:41,5,0,0
BRDA:44,6,0,38
BRF:7
BRH:5
end_of_record
TN:
SF:src\types\ErrorResponseData.tsx
FN:1,(empty-report)
FNF:1
FNH:1
FNDA:1,(empty-report)
LF:0
LH:0
BRDA:1,0,0,1
BRF:1
BRH:1
end_of_record
TN:
SF:src\types\LoginCredentials.tsx
FN:1,(empty-report)
FNF:1
FNH:1
FNDA:1,(empty-report)
LF:0
LH:0
BRDA:1,0,0,1
BRF:1
BRH:1
end_of_record
TN:
SF:src\types\LoginResponse.tsx
FN:1,(empty-report)
FNF:1
FNH:1
FNDA:1,(empty-report)
LF:0
LH:0
BRDA:1,0,0,1
BRF:1
BRH:1
end_of_record
TN:
SF:src\types\RoutesProps.tsx
FN:1,(empty-report)
FNF:1
FNH:1
FNDA:1,(empty-report)
LF:0
LH:0
BRDA:1,0,0,1
BRF:1
BRH:1
end_of_record
